<?xml version="1.0" encoding="UTF-8"?>
<!-- Generated by org.testng.reporters.JUnitXMLReporter -->
<testsuite hostname="system8-PC" ignored="0" name="Groups" tests="5" failures="0" timestamp="07 Sep 2018 04:50:07 GMT" time="84.245" errors="0">
  <testcase name="register" time="1.831" classname="mavenkrishna.krishnatest.FirstMaven"/>
  <testcase name="username" time="2.905" classname="mavenkrishna.krishnatest.FirstMaven"/>
  <testcase name="username1" time="3.586" classname="mavenkrishna.krishnatest.FirstMaven"/>
  <testcase name="signin" time="3.752" classname="mavenkrishna.krishnatest.SecondMaven"/>
  <testcase name="title" time="0.007" classname="mavenkrishna.krishnatest.SecondMaven"/>
</testsuite> <!-- Groups -->
